[11:12:28] [main/INFO]: Loading Minecraft 1.20.1 with Fabric Loader 0.16.7
[11:12:28] [main/INFO]: Fabric is preparing JARs on first launch, this may take a few seconds...
[11:12:28] [main/INFO]: Loading 4 mods:
	- fabricloader 0.16.7
	   \-- mixinextras 0.4.1
	- java 17
	- minecraft 1.20.1
[11:12:28] [main/INFO]: SpongePowered MIXIN Subsystem Version=0.8.7 Source=file:/C:/Users/kll2c/AppData/Roaming/.trassert/libraries/net/fabricmc/sponge-mixin/0.15.3+mixin.0.8.7/sponge-mixin-0.15.3+mixin.0.8.7.jar Service=Knot/Fabric Env=CLIENT
[11:12:30] [main/WARN]: Failed to update counter. Error code: 0x800007D5
[11:12:30] [main/WARN]: Disabling further attempts to query Paging File.
[11:12:43] [Datafixer Bootstrap/INFO]: 188 Datafixer optimizations took 277 milliseconds
[11:12:46] [Render thread/INFO]: Environment: authHost='https://authserver.mojang.com', accountsHost='https://api.mojang.com', sessionHost='https://sessionserver.mojang.com', servicesHost='https://api.minecraftservices.com', name='PROD'
[11:12:46] [Render thread/ERROR]: Failed to verify authentication
com.mojang.authlib.exceptions.InvalidCredentialsException: Status: 401
	at com.mojang.authlib.exceptions.MinecraftClientHttpException.toAuthenticationException(MinecraftClientHttpException.java:56) ~[authlib-4.0.43.jar:?]
	at com.mojang.authlib.yggdrasil.YggdrasilUserApiService.fetchProperties(YggdrasilUserApiService.java:156) ~[authlib-4.0.43.jar:?]
	at com.mojang.authlib.yggdrasil.YggdrasilUserApiService.<init>(YggdrasilUserApiService.java:55) ~[authlib-4.0.43.jar:?]
	at com.mojang.authlib.yggdrasil.YggdrasilAuthenticationService.createUserApiService(YggdrasilAuthenticationService.java:124) ~[authlib-4.0.43.jar:?]
	at net.minecraft.class_310.method_31382(class_310.java:733) ~[client-intermediary.jar:?]
	at net.minecraft.class_310.<init>(class_310.java:442) ~[client-intermediary.jar:?]
	at net.minecraft.client.main.Main.main(Main.java:211) ~[fabric-loader-0.16.7-1.20.1.jar:?]
	at net.fabricmc.loader.impl.game.minecraft.MinecraftGameProvider.launch(MinecraftGameProvider.java:480) ~[fabric-loader-0.16.7.jar:?]
	at net.fabricmc.loader.impl.launch.knot.Knot.launch(Knot.java:74) ~[fabric-loader-0.16.7.jar:?]
	at net.fabricmc.loader.impl.launch.knot.KnotClient.main(KnotClient.java:23) ~[fabric-loader-0.16.7.jar:?]
Caused by: com.mojang.authlib.exceptions.MinecraftClientHttpException: Status: 401
	at com.mojang.authlib.minecraft.client.MinecraftClient.readInputStream(MinecraftClient.java:85) ~[authlib-4.0.43.jar:?]
	at com.mojang.authlib.minecraft.client.MinecraftClient.get(MinecraftClient.java:48) ~[authlib-4.0.43.jar:?]
	at com.mojang.authlib.yggdrasil.YggdrasilUserApiService.fetchProperties(YggdrasilUserApiService.java:129) ~[authlib-4.0.43.jar:?]
	... 8 more
[11:12:47] [Render thread/INFO]: Setting user: bifr
[11:12:47] [Render thread/INFO]: Backend library: LWJGL version 3.3.1 SNAPSHOT
[11:12:48] [Render thread/INFO]: Found non-pack entry 'C:\Users\kll2c\AppData\Roaming\.trassert\resourcepacks\assets', ignoring
[11:12:48] [Render thread/INFO]: Found non-pack entry 'C:\Users\kll2c\AppData\Roaming\.trassert\resourcepacks\assets ориг', ignoring
[11:12:48] [Render thread/WARN]: Removed resource pack Moonlight Mods Dynamic Assets from options because it doesn't seem to exist anymore
[11:12:48] [Render thread/WARN]: Removed resource pack continuity:glass_pane_culling_fix from options because it doesn't seem to exist anymore
[11:12:48] [Render thread/WARN]: Removed resource pack fabric from options because it doesn't seem to exist anymore
[11:12:48] [Render thread/WARN]: Removed resource pack continuity:default from options because it doesn't seem to exist anymore
[11:12:49] [Worker-Main-2/ERROR]: Failed to retrieve profile key pair
java.io.IOException: Could not retrieve profile key pair
	at net.minecraft.class_7434.method_43605(class_7434.java:139) ~[client-intermediary.jar:?]
	at net.minecraft.class_7434.method_44291(class_7434.java:79) ~[client-intermediary.jar:?]
	at java.util.concurrent.CompletableFuture$AsyncSupply.run(CompletableFuture.java:1768) ~[?:?]
	at java.util.concurrent.CompletableFuture$AsyncSupply.exec(CompletableFuture.java:1760) ~[?:?]
	at java.util.concurrent.ForkJoinTask.doExec(ForkJoinTask.java:373) ~[?:?]
	at java.util.concurrent.ForkJoinPool$WorkQueue.topLevelExec(ForkJoinPool.java:1182) ~[?:?]
	at java.util.concurrent.ForkJoinPool.scan(ForkJoinPool.java:1655) ~[?:?]
	at java.util.concurrent.ForkJoinPool.runWorker(ForkJoinPool.java:1622) ~[?:?]
	at java.util.concurrent.ForkJoinWorkerThread.run(ForkJoinWorkerThread.java:165) ~[?:?]
[11:12:49] [Render thread/INFO]: Reloading ResourceManager: vanilla
[11:12:49] [Worker-Main-9/INFO]: Found unifont_all_no_pua-15.0.06.hex, loading
[11:12:49] [Realms Notification Availability checker #1/INFO]: Could not authorize you against Realms server: Invalid session id
[11:12:52] [Render thread/WARN]: Missing sound for event: minecraft:item.goat_horn.play
[11:12:52] [Render thread/WARN]: Missing sound for event: minecraft:entity.goat.screaming.horn_break
[11:12:53] [Render thread/INFO]: OpenAL initialized on device OpenAL Soft on Наушники (4- EW47)
[11:12:53] [Render thread/INFO]: Sound engine started
[11:12:53] [Render thread/INFO]: Created: 1024x512x3 minecraft:textures/atlas/blocks.png-atlas
[11:12:53] [Render thread/INFO]: Created: 256x256x3 minecraft:textures/atlas/signs.png-atlas
[11:12:53] [Render thread/INFO]: Created: 512x512x3 minecraft:textures/atlas/banner_patterns.png-atlas
[11:12:53] [Render thread/INFO]: Created: 512x512x3 minecraft:textures/atlas/shield_patterns.png-atlas
[11:12:53] [Render thread/INFO]: Created: 1024x1024x3 minecraft:textures/atlas/armor_trims.png-atlas
[11:12:53] [Render thread/INFO]: Created: 256x256x3 minecraft:textures/atlas/chest.png-atlas
[11:12:53] [Render thread/INFO]: Created: 128x64x3 minecraft:textures/atlas/decorated_pot.png-atlas
[11:12:53] [Render thread/INFO]: Created: 512x256x3 minecraft:textures/atlas/beds.png-atlas
[11:12:53] [Render thread/INFO]: Created: 512x256x3 minecraft:textures/atlas/shulker_boxes.png-atlas
[11:12:53] [Render thread/WARN]: Shader rendertype_entity_translucent_emissive could not find sampler named Sampler2 in the specified shader program.
[11:12:53] [Render thread/INFO]: Created: 256x256x0 minecraft:textures/atlas/particles.png-atlas
[11:12:53] [Render thread/INFO]: Created: 256x256x0 minecraft:textures/atlas/paintings.png-atlas
[11:12:53] [Render thread/INFO]: Created: 128x128x0 minecraft:textures/atlas/mob_effects.png-atlas
[11:13:00] [Render thread/INFO]: Stopping!
